101
2 18
16023 35387 7100 96619 11192 81548 85500 99122 70281 88815 2833 86566 29805 70856 9041 95109 81874 59105 
861 18
88458 24596 23409 50850 77320 87155 1884 17567 8887 71082 41257 30714 58188 68776 80790 30771 66169 12061 
7020 17
46282 36960 8855 18862 20853 41123 93291 99471 4781 88410 99369 44705 46044 49787 50381 47260 49541 
8130 12
34477 57087 85938 25187 57100 1635 84570 22591 36435 83051 27833 9518 
150 15
96450 16000 63625 47914 57972 96729 78811 93103 7834 81884 17962 4579 48953 16788 33273 
2338 16
62534 75286 67777 96287 44022 81215 99450 27208 45100 40728 60888 1687 87519 30916 40544 12789 
6373 20
95569 47406 31210 13788 6790 78442 69201 54118 7598 52049 92674 8427 52205 13313 69678 83213 94986 9687 80426 45193 
1218 13
79775 59153 70810 26083 7074 78377 46997 45051 56959 62268 56163 91149 27977 
4678 15
25109 97242 5858 29704 49332 14409 26119 26810 82577 10016 1812 12483 42707 51708 48063 
7595 15
85333 95799 74058 10927 25145 96763 82648 49988 481 79599 44899 24543 48786 54100 56353 
7642 12
54561 34994 79888 82987 57859 51285 59009 45911 83250 65564 50439 53623 
8027 20
98265 33448 57201 33227 16217 11158 47578 66273 42698 38730 76818 61414 31652 27758 11970 11234 28653 33808 50058 74019 
8208 14
5565 98909 42598 87423 53248 64399 18566 72214 4513 89192 47527 95535 4970 60293 
431 15
84922 29750 28839 65073 66314 7761 12489 9445 74607 60018 33568 37768 48125 1489 66348 
691 12
65180 43922 92213 74961 91267 63462 98393 62580 4615 47229 14374 40928 
1142 11
35688 69884 88186 63048 28156 28631 28894 71466 97972 54623 56941 
1352 10
33381 1598 74571 10891 66945 72680 56787 53141 10730 88807 
1647 19
18061 23553 54832 2969 76413 17575 39758 83803 3145 91660 87101 10464 81694 3804 77604 32278 76629 15391 428 
8693 17
67336 86501 97527 35608 68741 21768 49482 60780 38325 21149 69895 74924 61202 64123 20390 36047 74548 
4389 19
30200 86341 59575 45003 79175 54168 74590 22534 60294 99414 89475 31091 74165 79346 33244 68435 18111 39261 11318 
7633 14
23714 30762 3852 92913 8546 58281 63037 93275 55372 14810 22303 68482 86135 4235 
8942 17
31224 36956 36410 6086 38874 24013 4473 56294 99125 63264 36088 20281 66478 11994 64529 31674 41364 
9529 18
99083 25139 17725 49310 64519 29496 24122 66766 8266 45677 41969 2996 12130 26038 76740 24554 20656 43179 
84 14
82737 41018 90880 45810 18411 90842 37440 82077 18348 90543 71298 33692 58794 37438 
3086 16
71539 67706 55911 4889 45731 6916 92597 46118 80123 99752 96189 40390 69652 1206 75802 2562 
4765 17
36278 54555 10403 60786 23708 24363 85113 46300 24362 71951 15853 40877 68898 66924 6229 25756 41937 
5514 11
64176 92950 9165 83995 91981 12511 98431 66841 55264 2548 72346 
6578 10
836 21252 18702 23222 15324 96914 18760 79026 5637 76143 
8158 18
91055 30349 63915 39962 84919 33416 31708 375 46620 16474 10098 79729 69555 88157 33938 84767 43882 29364 
1539 14
94002 84840 40839 73615 16223 88340 79506 87469 36832 42991 75734 17310 33779 46661 
2361 15
11613 7034 27194 85699 78341 43639 64157 50445 99387 24056 78265 9016 53951 9570 49105 
2419 10
6987 43120 1496 98688 24024 58347 35240 90113 24649 74102 
4256 20
90718 67670 77955 69984 29091 50931 51468 73946 59251 68175 805 59528 28656 27314 96044 50621 14682 18564 64685 71393 
4918 11
73464 35309 59583 74519 8663 3139 4423 41714 6969 2929 12180 
2092 12
57253 57172 62323 58411 10972 93702 37727 21308 75237 15757 24670 36046 
2117 15
77110 16768 26228 64947 20426 7423 23288 13801 69324 51812 75573 66685 66630 99343 74623 
493 10
66739 84813 96132 36976 71703 20574 70102 97666 55376 51944 
5424 14
86821 58046 42200 86577 49064 18223 81383 73218 94041 29789 64329 23161 19173 43517 
7185 18
90219 14789 3176 51189 41981 85687 41746 30256 23578 70053 28903 83263 52010 15697 76000 90274 98635 42054 
7672 19
17705 84902 8251 2865 49741 6065 72914 54710 51022 39697 13230 97068 81608 89362 10052 20609 83452 29371 35623 
9109 19
21831 72750 31552 34645 17036 9122 18611 70187 61200 15604 31577 72686 73314 50051 17673 68699 59149 59799 10455 
2781 13
74195 17847 65698 82810 62938 96913 24572 21480 67355 23122 10034 52370 38877 
3421 16
53308 61476 31226 68698 38373 87239 4854 61276 13221 87438 59628 16563 35454 49156 37190 17112 
7599 19
13673 85363 14510 6450 79840 84313 80113 94218 65680 87924 15740 25754 82086 44570 55343 15969 55396 15490 65522 
766 15
94320 49908 5864 18280 55432 51401 73864 33014 8598 53126 87213 1981 27478 43871 90430 
2204 19
82370 50179 70258 58586 25954 57300 57312 41436 12889 29880 9205 55043 43892 58758 5261 59184 100 22494 95659 
5773 14
28480 69953 35745 6235 19845 69106 37631 42583 9964 60981 71780 69521 1732 3897 
6350 20
91967 85008 12098 95651 74719 22137 90683 29478 88930 95079 29897 28244 13595 80162 77825 51631 91017 93115 48297 81013 
8483 19
30428 25305 60238 65811 11983 83333 87806 90267 61336 93036 20365 78664 41421 84643 49378 76251 26049 81361 81033 
2643 20
72861 27112 92516 70175 14964 47531 46099 55530 38170 60587 47714 60965 31813 72542 16944 88998 571 92984 19499 48641 
3337 13
79152 55273 30149 45484 41786 53782 70992 47356 82047 40682 39792 88709 48175 
4728 16
48891 47207 96911 18715 60105 49136 44120 9586 22402 51787 51446 51903 56310 98573 43721 17517 
432 19
76160 29133 72438 9120 23556 61297 22659 83844 3134 5550 3043 95459 69222 47462 12551 79646 63010 34737 25576 
3904 20
60545 3093 52286 9341 44821 62489 78603 75790 17936 88044 75223 31216 52051 21739 36516 57431 40814 7684 78444 63956 
5567 10
61189 33589 2455 14236 52408 87345 8112 3668 23884 39579 
7000 10
69767 55481 25798 1100 37288 99324 19863 29830 6489 46313 
9076 15
42503 95063 96302 43 53186 46354 23923 55251 86956 51610 95553 56834 28219 98258 54900 
1223 15
10468 74055 35919 76227 40096 11418 20472 23167 710 38956 94572 53244 39083 32381 3751 
1709 20
67208 64139 64560 19125 19046 62914 12827 3126 68679 8352 53019 72682 45950 95563 1772 49583 25228 49595 81752 20277 
2068 16
98357 34689 43932 56400 97748 41303 56110 19612 40048 15368 41561 21457 50620 89182 56017 15451 
2439 18
66530 32517 50333 33602 25776 76233 40900 62374 72196 1393 60571 40997 89853 18655 22781 58292 34683 37296 
2466 12
13701 59639 35727 19116 88048 93459 2613 41722 76078 67175 47254 91345 
4916 11
25543 61794 98253 7868 59950 19583 74634 48165 57310 46083 9641 
31 14
22987 51917 54387 76529 72520 41476 79809 93376 13425 82457 27105 81525 62359 17547 
3287 11
64068 82783 35276 15295 26785 53392 36123 42747 56029 56994 29533 
5852 11
29308 59500 72047 63653 56683 54685 65986 68858 44438 95498 70671 
6064 18
96240 83084 61186 33797 51028 81523 90317 40764 53674 79321 76996 58533 60366 96421 83019 76916 65644 47934 
7041 19
32666 33019 54500 38182 68331 69738 90387 85202 30254 9305 43836 58558 93202 79212 62595 82351 53930 51591 42009 
7916 16
19129 96798 55109 20643 64829 59875 84453 90693 84011 70865 81899 95510 37387 35994 23730 77673 
4103 12
24971 45993 79133 14014 2589 88130 23563 92845 46937 16163 70538 47095 
6474 18
95287 60152 31819 32375 38755 43052 39311 3333 80600 49145 69757 41712 8797 28006 89223 87526 35697 36087 
6613 16
43090 32118 32060 20539 94657 88175 31537 28339 18014 8592 80613 46772 98476 12540 56837 43820 
9281 18
87780 52423 78149 61814 38406 42917 38466 2527 77334 18969 2251 22265 27080 14887 96201 12268 81445 47114 
1835 18
30095 40248 63840 55369 47685 74944 9186 16528 34142 43111 76086 55392 98653 96800 49970 43890 80229 1950 
4210 18
40749 34089 60015 8506 58488 79721 6369 56396 21858 21088 81134 53175 99695 82494 90641 40129 58214 54859 
7855 12
76465 25681 13843 78045 22686 15394 42581 68658 65130 39126 72842 43203 
8238 10
86382 42074 40493 73088 55207 85071 14061 27388 6401 35131 
9682 10
11916 29918 417 73860 23870 12868 99892 98434 48153 3295 
243 20
19979 33857 14463 40821 28617 90322 25516 34016 48340 91767 43824 22596 8039 67052 81411 66764 3667 4157 85694 27509 
1016 10
88210 38177 82435 98259 3811 4268 42278 437 96662 31468 
2932 13
49639 42449 78457 2346 88720 11382 11508 2012 60143 48611 8979 77043 12466 
2961 15
97595 86776 63435 29007 66640 95619 92933 41938 61801 3557 43813 19482 72766 17186 86112 
3360 19
72741 68387 13782 16985 24178 99980 30329 28793 96514 40689 41791 31584 36806 11818 59652 6118 33443 21387 62210 
4248 13
64880 4281 72284 38960 6520 17793 78076 66988 98428 92635 6928 31670 83303 
9567 17
38008 27200 23547 53262 49764 7679 51163 93050 96222 93450 98856 49693 23834 34299 95282 55735 21614 
1819 11
62158 13396 58930 91420 7663 88993 90053 13090 73741 86779 14562 
4797 16
14921 65605 89025 75206 36227 47860 48865 25869 51968 25179 54941 30151 24477 29506 50310 47451 
9111 14
36017 32165 1382 17919 78449 2934 42938 95161 74859 22564 67954 78660 82988 81928 
3773 12
10535 22613 45623 6920 21347 29759 40345 90502 1689 37327 69350 44848 
3928 20
1040 11109 99984 79929 30902 32229 67684 81414 20790 98055 45529 94388 36372 15018 75480 76960 27612 41979 49155 88388 
8588 17
59239 74836 6973 31474 51264 45605 63100 10886 73515 36090 24108 85032 76431 60436 38465 1795 57174 
395 19
24634 69489 54649 89028 12026 81645 49942 92915 18647 57708 20424 79798 59518 789 26432 85281 89627 56613 27513 
3618 11
92904 15614 53443 50259 95806 92330 49950 62034 1596 19983 77641 
3621 17
12828 28547 59285 83989 51250 46659 41835 12533 47660 92616 73393 79954 37389 67339 96719 77619 20943 
4006 20
20336 48413 16659 69553 14125 43253 27982 35677 51192 12746 66990 26469 95141 55852 29579 11214 73549 54398 94250 70040 
5550 20
58514 50544 11741 1654 48580 82752 14204 80049 44942 62560 26075 95358 5669 2023 45040 41301 9351 22466 43236 42494 
2146 16
69026 10401 81373 73171 98721 42403 36431 34603 53099 73968 55471 84177 11177 65867 11298 49917 
5453 18
35189 76712 60239 73415 66720 76934 84722 7736 29340 52316 39902 35421 13082 46119 33821 17619 8549 61237 
9717 20
24005 49619 34430 89528 31613 8818 17131 80175 54700 81030 83029 53060 31011 80746 36358 71094 87353 10492 17668 85268 
1784 20
29068 98034 55986 75969 35 54932 99239 43960 92530 48121 65629 2140 67458 61161 42947 20343 35483 1774 44760 989 
4655 19
43167 97455 41797 47736 62696 40082 56468 22398 49432 26094 97339 73308 56423 29421 88310 37825 80909 29620 78799 
